<?xml version="1.0" encoding="UTF-8"?>
<testng-results ignored="0" total="2" passed="2" failed="0" skipped="0">
  <reporter-output>
  </reporter-output>
  <suite started-at="2023-11-01T11:33:15 IST" name="Suite" finished-at="2023-11-01T11:33:15 IST" duration-ms="151">
    <groups>
    </groups>
    <test started-at="2023-11-01T11:33:15 IST" name="Test" finished-at="2023-11-01T11:33:15 IST" duration-ms="151">
      <class name="Framework.class1">
        <test-method is-config="true" signature="m()[pri:0, instance:Framework.class1@4a83a74a]" started-at="2023-11-01T11:33:15 IST" name="m" finished-at="2023-11-01T11:33:15 IST" duration-ms="19" status="PASS">
          <reporter-output>
          </reporter-output>
        </test-method> <!-- m -->
        <test-method signature="abc()[pri:0, instance:Framework.class1@4a83a74a]" started-at="2023-11-01T11:33:15 IST" name="abc" finished-at="2023-11-01T11:33:15 IST" duration-ms="13" status="PASS">
          <reporter-output>
          </reporter-output>
        </test-method> <!-- abc -->
      </class> <!-- Framework.class1 -->
      <class name="Framework.class2">
        <test-method signature="xyz()[pri:0, instance:Framework.class2@3ba987b8]" started-at="2023-11-01T11:33:15 IST" name="xyz" finished-at="2023-11-01T11:33:15 IST" duration-ms="6" status="PASS">
          <reporter-output>
          </reporter-output>
        </test-method> <!-- xyz -->
        <test-method is-config="true" signature="n()[pri:0, instance:Framework.class2@3ba987b8]" started-at="2023-11-01T11:33:15 IST" name="n" finished-at="2023-11-01T11:33:15 IST" duration-ms="2" status="PASS">
          <reporter-output>
          </reporter-output>
        </test-method> <!-- n -->
      </class> <!-- Framework.class2 -->
    </test> <!-- Test -->
  </suite> <!-- Suite -->
</testng-results>
